This file contains any messages produced by compilers while
running configure, to aid debugging if configure makes a mistake.

It was created by admesh configure 0.98.4'', which was
generated by GNU Autoconf 2.69.  Invocation command line was

  $ ./configure 

## --------- ##
## Platform. ##
## --------- ##

hostname = tomator
uname -m = x86_64
uname -r = 5.4.0-47-generic
uname -s = Linux
uname -v = #51-Ubuntu SMP Fri Sep 4 19:50:52 UTC 2020

/usr/bin/uname -p = x86_64
/bin/uname -X     = unknown

/bin/arch              = x86_64
/usr/bin/arch -k       = unknown
/usr/convex/getsysinfo = unknown
/usr/bin/hostinfo      = unknown
/bin/machine           = unknown
/usr/bin/oslevel       = unknown
/bin/universe          = unknown

PATH: /usr/local/go/bin
PATH: /home/tomate/.local/bin
PATH: /usr/local/sbin
PATH: /usr/local/bin
PATH: /usr/sbin
PATH: /usr/bin
PATH: /sbin
PATH: /bin
PATH: /usr/games
PATH: /usr/local/games
PATH: /snap/bin
PATH: /home/tomate/go/bin


## ----------- ##
## Core tests. ##
## ----------- ##

configure:2166: checking for a BSD-compatible install
configure:2234: result: /usr/bin/install -c
configure:2245: checking whether build environment is sane
configure:2300: result: yes
configure:2449: checking for a thread-safe mkdir -p
configure:2488: result: /usr/bin/mkdir -p
configure:2495: checking for gawk
configure:2525: result: no
configure:2495: checking for mawk
configure:2511: found /usr/bin/mawk
configure:2522: result: mawk
configure:2533: checking whether make sets $(MAKE)
configure:2555: result: yes
configure:2584: checking whether make supports nested variables
configure:2601: result: yes
configure:2738: checking whether make supports nested variables
configure:2755: result: yes
configure:2795: checking build system type
configure:2809: result: x86_64-unknown-linux-gnu
configure:2829: checking host system type
configure:2842: result: x86_64-unknown-linux-gnu
configure:2883: checking how to print strings
configure:2910: result: printf
configure:2935: checking whether make supports the include directive
configure:2950: make -f confmf.GNU && cat confinc.out
this is the am__doit target
configure:2953: $? = 0
configure:2972: result: yes (GNU style)
configure:3042: checking for gcc
configure:3058: found /usr/bin/gcc
configure:3069: result: gcc
configure:3298: checking for C compiler version
configure:3307: gcc --version >&5
gcc (Ubuntu 9.3.0-10ubuntu2) 9.3.0
Copyright (C) 2019 Free Software Foundation, Inc.
This is free software; see the source for copying conditions.  There is NO
warranty; not even for MERCHANTABILITY or FITNESS FOR A PARTICULAR PURPOSE.

configure:3318: $? = 0
configure:3307: gcc -v >&5
Using built-in specs.
COLLECT_GCC=gcc
COLLECT_LTO_WRAPPER=/usr/lib/gcc/x86_64-linux-gnu/9/lto-wrapper
OFFLOAD_TARGET_NAMES=nvptx-none:hsa
OFFLOAD_TARGET_DEFAULT=1
Target: x86_64-linux-gnu
Configured with: ../src/configure -v --with-pkgversion='Ubuntu 9.3.0-10ubuntu2' --with-bugurl=file:///usr/share/doc/gcc-9/README.Bugs --enable-languages=c,ada,c++,go,brig,d,fortran,objc,obj-c++,gm2 --prefix=/usr --with-gcc-major-version-only --program-suffix=-9 --program-prefix=x86_64-linux-gnu- --enable-shared --enable-linker-build-id --libexecdir=/usr/lib --without-included-gettext --enable-threads=posix --libdir=/usr/lib --enable-nls --enable-clocale=gnu --enable-libstdcxx-debug --enable-libstdcxx-time=yes --with-default-libstdcxx-abi=new --enable-gnu-unique-object --disable-vtable-verify --enable-plugin --enable-default-pie --with-system-zlib --with-target-system-zlib=auto --enable-objc-gc=auto --enable-multiarch --disable-werror --with-arch-32=i686 --with-abi=m64 --with-multilib-list=m32,m64,mx32 --enable-multilib --with-tune=generic --enable-offload-targets=nvptx-none,hsa --without-cuda-driver --enable-checking=release --build=x86_64-linux-gnu --host=x86_64-linux-gnu --target=x86_64-linux-gnu
Thread model: posix
gcc version 9.3.0 (Ubuntu 9.3.0-10ubuntu2) 
configure:3318: $? = 0
configure:3307: gcc -V >&5
gcc: error: unrecognized command line option '-V'
gcc: fatal error: no input files
compilation terminated.
configure:3318: $? = 1
configure:3307: gcc -qversion >&5
gcc: error: unrecognized command line option '-qversion'; did you mean '--version'?
gcc: fatal error: no input files
compilation terminated.
configure:3318: $? = 1
configure:3338: checking whether the C compiler works
configure:3360: gcc    conftest.c  >&5
configure:3364: $? = 0
configure:3412: result: yes
configure:3415: checking for C compiler default output file name
configure:3417: result: a.out
configure:3423: checking for suffix of executables
configure:3430: gcc -o conftest    conftest.c  >&5
configure:3434: $? = 0
configure:3456: result: 
configure:3478: checking whether we are cross compiling
configure:3486: gcc -o conftest    conftest.c  >&5
configure:3490: $? = 0
configure:3497: ./conftest
configure:3501: $? = 0
configure:3489: result: no
configure:3494: checking for suffix of object files
configure:3516: gcc -c   conftest.c >&5
configure:3520: $? = 0
configure:3541: result: o
configure:3545: checking whether we are using the GNU C compiler
configure:3564: gcc -c   conftest.c >&5
configure:3564: $? = 0
configure:3573: result: yes
configure:3582: checking whether gcc accepts -g
configure:3602: gcc -c -g  conftest.c >&5
configure:3602: $? = 0
configure:3643: result: yes
configure:3660: checking for gcc option to accept ISO C89
configure:3723: gcc  -c -g -O2  conftest.c >&5
configure:3723: $? = 0
configure:3736: result: none needed
configure:3761: checking whether gcc understands -c and -o together
configure:3783: gcc -c conftest.c -o conftest2.o
configure:3786: $? = 0
configure:3783: gcc -c conftest.c -o conftest2.o
configure:3786: $? = 0
configure:3798: result: yes
configure:3817: checking dependency style of gcc
configure:3928: result: gcc3
configure:3943: checking for a sed that does not truncate output
configure:4007: result: /usr/bin/sed
configure:4025: checking for grep that handles long lines and -e
configure:4083: result: /usr/bin/grep
configure:4088: checking for egrep
configure:4150: result: /usr/bin/grep -E
configure:4155: checking for fgrep
configure:4217: result: /usr/bin/grep -F
configure:4252: checking for ld used by gcc
configure:4319: result: /usr/bin/ld
configure:4326: checking if the linker (/usr/bin/ld) is GNU ld
configure:4341: result: yes
configure:4353: checking for BSD- or MS-compatible name lister (nm)
configure:4407: result: /usr/bin/nm -B
configure:4537: checking the name lister (/usr/bin/nm -B) interface
configure:4544: gcc -c -g -O2  conftest.c >&5
configure:4547: /usr/bin/nm -B "conftest.o"
configure:4550: output
0000000000000000 B some_variable
configure:4551: result: BSD nm
configure:4554: checking whether ln -s works
configure:4558: result: yes
configure:4566: checking the maximum length of command line arguments
configure:4697: result: 1572864
configure:4745: checking how to convert x86_64-unknown-linux-gnu file names to x86_64-unknown-linux-gnu format
configure:4785: result: func_convert_file_noop
configure:4792: checking how to convert x86_64-unknown-linux-gnu file names to toolchain format
configure:4812: result: func_convert_file_noop
configure:4819: checking for /usr/bin/ld option to reload object files
configure:4826: result: -r
configure:4900: checking for objdump
configure:4916: found /usr/bin/objdump
configure:4927: result: objdump
configure:4959: checking how to recognize dependent libraries
configure:5159: result: pass_all
configure:5244: checking for dlltool
configure:5274: result: no
configure:5304: checking how to associate runtime and link libraries
configure:5331: result: printf %s\n
configure:5392: checking for ar
configure:5408: found /usr/bin/ar
configure:5419: result: ar
configure:5456: checking for archiver @FILE support
configure:5473: gcc -c -g -O2  conftest.c >&5
configure:5473: $? = 0
configure:5476: ar cru libconftest.a @conftest.lst >&5
ar: `u' modifier ignored since `D' is the default (see `U')
configure:5479: $? = 0
configure:5484: ar cru libconftest.a @conftest.lst >&5
ar: `u' modifier ignored since `D' is the default (see `U')
ar: conftest.o: No such file or directory
configure:5487: $? = 1
configure:5486: result: @
configure:5544: checking for strip
configure:5560: found /usr/bin/strip
configure:5571: result: strip
configure:5643: checking for ranlib
configure:5659: found /usr/bin/ranlib
configure:5670: result: ranlib
configure:5772: checking command to parse /usr/bin/nm -B output from gcc object
configure:5925: gcc -c -g -O2  conftest.c >&5
configure:5928: $? = 0
configure:5932: /usr/bin/nm -B conftest.o \| sed -n -e 's/^.*[ ]\([ABCDGIRSTW][ABCDGIRSTW]*\)[ ][ ]*\([_A-Za-z][_A-Za-z0-9]*\)$/\1 \2 \2/p' | sed '/ __gnu_lto/d' \> conftest.nm
configure:5935: $? = 0
configure:6001: gcc -o conftest -g -O2   conftest.c conftstm.o >&5
configure:6004: $? = 0
configure:6042: result: ok
configure:6089: checking for sysroot
configure:6119: result: no
configure:6126: checking for a working dd
configure:6164: result: /usr/bin/dd
configure:6168: checking how to truncate binary pipes
configure:6183: result: /usr/bin/dd bs=4096 count=1
configure:6319: gcc -c -g -O2  conftest.c >&5
configure:6322: $? = 0
configure:6512: checking for mt
configure:6528: found /usr/bin/mt
configure:6539: result: mt
configure:6562: checking if mt is a manifest tool
configure:6568: mt '-?'
configure:6576: result: no
configure:7253: checking how to run the C preprocessor
configure:7284: gcc -E  conftest.c
configure:7284: $? = 0
configure:7298: gcc -E  conftest.c
conftest.c:11:10: fatal error: ac_nonexistent.h: No such file or directory
   11 | #include <ac_nonexistent.h>
      |          ^~~~~~~~~~~~~~~~~~
compilation terminated.
configure:7298: $? = 1
configure: failed program was:
| /* confdefs.h */
| #define PACKAGE_NAME "admesh"
| #define PACKAGE_TARNAME "admesh"
| #define PACKAGE_VERSION "0.98.4"
| #define PACKAGE_STRING "admesh 0.98.4"
| #define PACKAGE_BUGREPORT ""
| #define PACKAGE_URL ""
| #define PACKAGE "admesh"
| #define VERSION "0.98.4"
| /* end confdefs.h.  */
| #include <ac_nonexistent.h>
configure:7323: result: gcc -E
configure:7343: gcc -E  conftest.c
configure:7343: $? = 0
configure:7357: gcc -E  conftest.c
conftest.c:11:10: fatal error: ac_nonexistent.h: No such file or directory
   11 | #include <ac_nonexistent.h>
      |          ^~~~~~~~~~~~~~~~~~
compilation terminated.
configure:7357: $? = 1
configure: failed program was:
| /* confdefs.h */
| #define PACKAGE_NAME "admesh"
| #define PACKAGE_TARNAME "admesh"
| #define PACKAGE_VERSION "0.98.4"
| #define PACKAGE_STRING "admesh 0.98.4"
| #define PACKAGE_BUGREPORT ""
| #define PACKAGE_URL ""
| #define PACKAGE "admesh"
| #define VERSION "0.98.4"
| /* end confdefs.h.  */
| #include <ac_nonexistent.h>
configure:7386: checking for ANSI C header files
configure:7406: gcc -c -g -O2  conftest.c >&5
configure:7406: $? = 0
configure:7479: gcc -o conftest -g -O2   conftest.c  >&5
configure:7479: $? = 0
configure:7479: ./conftest
configure:7479: $? = 0
configure:7490: result: yes
configure:7503: checking for sys/types.h
configure:7503: gcc -c -g -O2  conftest.c >&5
configure:7503: $? = 0
configure:7503: result: yes
configure:7503: checking for sys/stat.h
configure:7503: gcc -c -g -O2  conftest.c >&5
configure:7503: $? = 0
configure:7503: result: yes
configure:7503: checking for stdlib.h
configure:7503: gcc -c -g -O2  conftest.c >&5
configure:7503: $? = 0
configure:7503: result: yes
configure:7503: checking for string.h
configure:7503: gcc -c -g -O2  conftest.c >&5
configure:7503: $? = 0
configure:7503: result: yes
configure:7503: checking for memory.h
configure:7503: gcc -c -g -O2  conftest.c >&5
configure:7503: $? = 0
configure:7503: result: yes
configure:7503: checking for strings.h
configure:7503: gcc -c -g -O2  conftest.c >&5
configure:7503: $? = 0
configure:7503: result: yes
configure:7503: checking for inttypes.h
configure:7503: gcc -c -g -O2  conftest.c >&5
configure:7503: $? = 0
configure:7503: result: yes
configure:7503: checking for stdint.h
configure:7503: gcc -c -g -O2  conftest.c >&5
configure:7503: $? = 0
configure:7503: result: yes
configure:7503: checking for unistd.h
configure:7503: gcc -c -g -O2  conftest.c >&5
configure:7503: $? = 0
configure:7503: result: yes
configure:7517: checking for dlfcn.h
configure:7517: gcc -c -g -O2  conftest.c >&5
configure:7517: $? = 0
configure:7517: result: yes
configure:7771: checking for objdir
configure:7786: result: .libs
configure:8050: checking if gcc supports -fno-rtti -fno-exceptions
configure:8068: gcc -c -g -O2  -fno-rtti -fno-exceptions conftest.c >&5
cc1: warning: command line option '-fno-rtti' is valid for C++/D/ObjC++ but not for C
configure:8072: $? = 0
configure:8085: result: no
configure:8443: checking for gcc option to produce PIC
configure:8450: result: -fPIC -DPIC
configure:8458: checking if gcc PIC flag -fPIC -DPIC works
configure:8476: gcc -c -g -O2  -fPIC -DPIC -DPIC conftest.c >&5
configure:8480: $? = 0
configure:8493: result: yes
configure:8522: checking if gcc static flag -static works
configure:8550: result: yes
configure:8565: checking if gcc supports -c -o file.o
configure:8586: gcc -c -g -O2  -o out/conftest2.o conftest.c >&5
configure:8590: $? = 0
configure:8612: result: yes
configure:8620: checking if gcc supports -c -o file.o
configure:8667: result: yes
configure:8700: checking whether the gcc linker (/usr/bin/ld -m elf_x86_64) supports shared libraries
configure:9959: result: yes
configure:9996: checking whether -lc should be explicitly linked in
configure:10004: gcc -c -g -O2  conftest.c >&5
configure:10007: $? = 0
configure:10022: gcc -shared  -fPIC -DPIC conftest.o  -v -Wl,-soname -Wl,conftest -o conftest 2\>\&1 \| /usr/bin/grep  -lc  \>/dev/null 2\>\&1
configure:10025: $? = 0
configure:10039: result: no
configure:10199: checking dynamic linker characteristics
configure:10780: gcc -o conftest -g -O2   -Wl,-rpath -Wl,/foo conftest.c  >&5
configure:10780: $? = 0
configure:11020: result: GNU/Linux ld.so
configure:11142: checking how to hardcode library paths into programs
configure:11167: result: immediate
configure:11715: checking whether stripping libraries is possible
configure:11720: result: yes
configure:11755: checking if libtool supports shared libraries
configure:11757: result: yes
configure:11760: checking whether to build shared libraries
configure:11785: result: yes
configure:11788: checking whether to build static libraries
configure:11792: result: no
configure:8676: checking for gcc
configure:8703: result: gcc
configure:8932: checking for C compiler version
configure:8941: gcc --version >&5
gcc (Ubuntu 9.3.0-10ubuntu2) 9.3.0
Copyright (C) 2019 Free Software Foundation, Inc.
This is free software; see the source for copying conditions.  There is NO
warranty; not even for MERCHANTABILITY or FITNESS FOR A PARTICULAR PURPOSE.

configure:8952: $? = 0
configure:8941: gcc -v >&5
Using built-in specs.
COLLECT_GCC=gcc
COLLECT_LTO_WRAPPER=/usr/lib/gcc/x86_64-linux-gnu/9/lto-wrapper
OFFLOAD_TARGET_NAMES=nvptx-none:hsa
OFFLOAD_TARGET_DEFAULT=1
Target: x86_64-linux-gnu
Configured with: ../src/configure -v --with-pkgversion='Ubuntu 9.3.0-10ubuntu2' --with-bugurl=file:///usr/share/doc/gcc-9/README.Bugs --enable-languages=c,ada,c++,go,brig,d,fortran,objc,obj-c++,gm2 --prefix=/usr --with-gcc-major-version-only --program-suffix=-9 --program-prefix=x86_64-linux-gnu- --enable-shared --enable-linker-build-id --libexecdir=/usr/lib --without-included-gettext --enable-threads=posix --libdir=/usr/lib --enable-nls --enable-clocale=gnu --enable-libstdcxx-debug --enable-libstdcxx-time=yes --with-default-libstdcxx-abi=new --enable-gnu-unique-object --disable-vtable-verify --enable-plugin --enable-default-pie --with-system-zlib --with-target-system-zlib=auto --enable-objc-gc=auto --enable-multiarch --disable-werror --with-arch-32=i686 --with-abi=m64 --with-multilib-list=m32,m64,mx32 --enable-multilib --with-tune=generic --enable-offload-targets=nvptx-none,hsa --without-cuda-driver --enable-checking=release --build=x86_64-linux-gnu --host=x86_64-linux-gnu --target=x86_64-linux-gnu
Thread model: posix
gcc version 9.3.0 (Ubuntu 9.3.0-10ubuntu2) 
configure:8952: $? = 0
configure:8941: gcc -V >&5
gcc: error: unrecognized command line option '-V'
gcc: fatal error: no input files
compilation terminated.
configure:8952: $? = 1
configure:8941: gcc -qversion >&5
gcc: error: unrecognized command line option '-qversion'; did you mean '--version'?
gcc: fatal error: no input files
compilation terminated.
configure:8952: $? = 1
configure:8956: checking whether we are using the GNU C compiler
configure:8984: result: yes
configure:8993: checking whether gcc accepts -g
configure:9054: result: yes
configure:9071: checking for gcc option to accept ISO C89
configure:9147: result: none needed
configure:9172: checking whether gcc understands -c and -o together
configure:9209: result: yes
configure:9228: checking dependency style of gcc
configure:9339: result: gcc3
configure:9356: checking for a sed that does not truncate output
configure:9420: result: /usr/bin/sed
configure:9470: checking for main in -lm
configure:9489: gcc -o conftest -g -O2 -Wall -Wextra -pedantic -Werror=format-security  -Wp,-D_FORTIFY_SOURCE=2   conftest.c -lm   >&5
configure:9489: $? = 0
configure:9498: result: yes
configure:9616: checking that generated files are newer than configure
configure:9622: result: done
configure:9649: creating ./config.status

## ---------------------- ##
## Running config.status. ##
## ---------------------- ##

This file was extended by admesh config.status 0.98.4'', which was
generated by GNU Autoconf 2.69.  Invocation command line was

  CONFIG_FILES    = 
  CONFIG_HEADERS  = 
  CONFIG_LINKS    = 
  CONFIG_COMMANDS = 
  $ ./config.status 

on tomator

config.status:1082: creating Makefile
config.status:1082: creating libadmesh.pc
config.status:1082: creating config.h
config.status:1311: executing depfiles commands
config.status:1388: cd .       && sed -e '/# am--include-marker/d' Makefile         | make -f - am--depfiles
config.status:1393: $? = 0
config.status:1311: executing libtool commands
configure:11803:
==============================================================================
Build configuration:
	werror:	  no
==============================================================================


## ---------------- ##
## Cache variables. ##
## ---------------- ##

ac_cv_build=x86_64-unknown-linux-gnu
ac_cv_c_compiler_gnu=yes
ac_cv_env_CC_set=
ac_cv_env_CC_value=
ac_cv_env_CFLAGS_set=
ac_cv_env_CFLAGS_value=
ac_cv_env_CPPFLAGS_set=
ac_cv_env_CPPFLAGS_value=
ac_cv_env_CPP_set=
ac_cv_env_CPP_value=
ac_cv_env_LDFLAGS_set=
ac_cv_env_LDFLAGS_value=
ac_cv_env_LIBS_set=
ac_cv_env_LIBS_value=
ac_cv_env_LT_SYS_LIBRARY_PATH_set=
ac_cv_env_LT_SYS_LIBRARY_PATH_value=
ac_cv_env_build_alias_set=
ac_cv_env_build_alias_value=
ac_cv_env_host_alias_set=
ac_cv_env_host_alias_value=
ac_cv_env_target_alias_set=
ac_cv_env_target_alias_value=
ac_cv_header_dlfcn_h=yes
ac_cv_header_inttypes_h=yes
ac_cv_header_memory_h=yes
ac_cv_header_stdc=yes
ac_cv_header_stdint_h=yes
ac_cv_header_stdlib_h=yes
ac_cv_header_string_h=yes
ac_cv_header_strings_h=yes
ac_cv_header_sys_stat_h=yes
ac_cv_header_sys_types_h=yes
ac_cv_header_unistd_h=yes
ac_cv_host=x86_64-unknown-linux-gnu
ac_cv_lib_m_main=yes
ac_cv_objext=o
ac_cv_path_EGREP='/usr/bin/grep -E'
ac_cv_path_FGREP='/usr/bin/grep -F'
ac_cv_path_GREP=/usr/bin/grep
ac_cv_path_SED=/usr/bin/sed
ac_cv_path_install='/usr/bin/install -c'
ac_cv_path_lt_DD=/usr/bin/dd
ac_cv_path_mkdir=/usr/bin/mkdir
ac_cv_prog_AWK=mawk
ac_cv_prog_CPP='gcc -E'
ac_cv_prog_ac_ct_AR=ar
ac_cv_prog_ac_ct_CC=gcc
ac_cv_prog_ac_ct_MANIFEST_TOOL=mt
ac_cv_prog_ac_ct_OBJDUMP=objdump
ac_cv_prog_ac_ct_RANLIB=ranlib
ac_cv_prog_ac_ct_STRIP=strip
ac_cv_prog_cc_c89=
ac_cv_prog_cc_g=yes
ac_cv_prog_make_make_set=yes
am_cv_CC_dependencies_compiler_type=gcc3
am_cv_make_support_nested_variables=yes
am_cv_prog_cc_c_o=yes
lt_cv_ar_at_file=@
lt_cv_archive_cmds_need_lc=no
lt_cv_deplibs_check_method=pass_all
lt_cv_file_magic_cmd='$MAGIC_CMD'
lt_cv_file_magic_test_file=
lt_cv_ld_reload_flag=-r
lt_cv_nm_interface='BSD nm'
lt_cv_objdir=.libs
lt_cv_path_LD=/usr/bin/ld
lt_cv_path_NM='/usr/bin/nm -B'
lt_cv_path_mainfest_tool=no
lt_cv_prog_compiler_c_o=yes
lt_cv_prog_compiler_pic='-fPIC -DPIC'
lt_cv_prog_compiler_pic_works=yes
lt_cv_prog_compiler_rtti_exceptions=no
lt_cv_prog_compiler_static_works=yes
lt_cv_prog_gnu_ld=yes
lt_cv_sharedlib_from_linklib_cmd='printf %s\n'
lt_cv_shlibpath_overrides_runpath=yes
lt_cv_sys_global_symbol_pipe='sed -n -e '\''s/^.*[	 ]\([ABCDGIRSTW][ABCDGIRSTW]*\)[	 ][	 ]*\([_A-Za-z][_A-Za-z0-9]*\)$/\1 \2 \2/p'\'' | sed '\''/ __gnu_lto/d'\'''
lt_cv_sys_global_symbol_to_c_name_address='sed -n -e '\''s/^: \(.*\) .*$/  {"\1", (void *) 0},/p'\'' -e '\''s/^[ABCDGIRSTW][ABCDGIRSTW]* .* \(.*\)$/  {"\1", (void *) \&\1},/p'\'''
lt_cv_sys_global_symbol_to_c_name_address_lib_prefix='sed -n -e '\''s/^: \(.*\) .*$/  {"\1", (void *) 0},/p'\'' -e '\''s/^[ABCDGIRSTW][ABCDGIRSTW]* .* \(lib.*\)$/  {"\1", (void *) \&\1},/p'\'' -e '\''s/^[ABCDGIRSTW][ABCDGIRSTW]* .* \(.*\)$/  {"lib\1", (void *) \&\1},/p'\'''
lt_cv_sys_global_symbol_to_cdecl='sed -n -e '\''s/^T .* \(.*\)$/extern int \1();/p'\'' -e '\''s/^[ABCDGIRSTW][ABCDGIRSTW]* .* \(.*\)$/extern char \1;/p'\'''
lt_cv_sys_global_symbol_to_import=
lt_cv_sys_max_cmd_len=1572864
lt_cv_to_host_file_cmd=func_convert_file_noop
lt_cv_to_tool_file_cmd=func_convert_file_noop
lt_cv_truncate_bin='/usr/bin/dd bs=4096 count=1'

## ----------------- ##
## Output variables. ##
## ----------------- ##

ACLOCAL='${SHELL} /home/tomate/mightyscape/papercraft_unfold/admesh/admesh-0.98.4/missing aclocal-1.16'
AMDEPBACKSLASH='\'
AMDEP_FALSE='#'
AMDEP_TRUE=''
AMTAR='$${TAR-tar}'
AM_BACKSLASH='\'
AM_DEFAULT_V='$(AM_DEFAULT_VERBOSITY)'
AM_DEFAULT_VERBOSITY='0'
AM_V='$(V)'
AR='ar'
AUTOCONF='${SHELL} /home/tomate/mightyscape/papercraft_unfold/admesh/admesh-0.98.4/missing autoconf'
AUTOHEADER='${SHELL} /home/tomate/mightyscape/papercraft_unfold/admesh/admesh-0.98.4/missing autoheader'
AUTOMAKE='${SHELL} /home/tomate/mightyscape/papercraft_unfold/admesh/admesh-0.98.4/missing automake-1.16'
AWK='mawk'
CC='gcc'
CCDEPMODE='depmode=gcc3'
CFLAGS='-g -O2 -Wall -Wextra -pedantic -Werror=format-security  -Wp,-D_FORTIFY_SOURCE=2'
CPP='gcc -E'
CPPFLAGS=''
CYGPATH_W='echo'
DEAD_STRIP='-Wl,--gc-sections -Wl,--as-needed'
DEFS='-DHAVE_CONFIG_H'
DEPDIR='.deps'
DLLTOOL='false'
DSYMUTIL=''
DUMPBIN=''
ECHO_C=''
ECHO_N='-n'
ECHO_T=''
EGREP='/usr/bin/grep -E'
EXEEXT=''
FGREP='/usr/bin/grep -F'
GREP='/usr/bin/grep'
INSTALL_DATA='${INSTALL} -m 644'
INSTALL_PROGRAM='${INSTALL}'
INSTALL_SCRIPT='${INSTALL}'
INSTALL_STRIP_PROGRAM='$(install_sh) -c -s'
LD='/usr/bin/ld -m elf_x86_64'
LDFLAGS=''
LIBOBJS=''
LIBS='-lm '
LIBTOOL='$(SHELL) $(top_builddir)/libtool'
LIPO=''
LN_S='ln -s'
LTLIBOBJS=''
LT_SYS_LIBRARY_PATH=''
MAKEINFO='${SHELL} /home/tomate/mightyscape/papercraft_unfold/admesh/admesh-0.98.4/missing makeinfo'
MANIFEST_TOOL=':'
MKDIR_P='/usr/bin/mkdir -p'
NM='/usr/bin/nm -B'
NMEDIT=''
OBJDUMP='objdump'
OBJEXT='o'
OTOOL64=''
OTOOL=''
PACKAGE='admesh'
PACKAGE_BUGREPORT=''
PACKAGE_NAME='admesh'
PACKAGE_STRING='admesh 0.98.4'
PACKAGE_TARNAME='admesh'
PACKAGE_URL=''
PACKAGE_VERSION='0.98.4'
PATH_SEPARATOR=':'
RANLIB='ranlib'
SED='/usr/bin/sed'
SET_MAKE=''
SHELL='/bin/bash'
STRIP='strip'
VERSION='0.98.4'
ac_ct_AR='ar'
ac_ct_CC='gcc'
ac_ct_DUMPBIN=''
am__EXEEXT_FALSE=''
am__EXEEXT_TRUE='#'
am__fastdepCC_FALSE='#'
am__fastdepCC_TRUE=''
am__include='include'
am__isrc=''
am__leading_dot='.'
am__nodep='_no'
am__quote=''
am__tar='$${TAR-tar} chof - "$$tardir"'
am__untar='$${TAR-tar} xf -'
bindir='${exec_prefix}/bin'
build='x86_64-unknown-linux-gnu'
build_alias=''
build_cpu='x86_64'
build_os='linux-gnu'
build_vendor='unknown'
datadir='${datarootdir}'
datarootdir='${prefix}/share'
docdir='${datarootdir}/doc/${PACKAGE_TARNAME}'
dvidir='${docdir}'
exec_prefix='${prefix}'
host='x86_64-unknown-linux-gnu'
host_alias=''
host_cpu='x86_64'
host_os='linux-gnu'
host_vendor='unknown'
htmldir='${docdir}'
includedir='${prefix}/include'
infodir='${datarootdir}/info'
install_sh='${SHELL} /home/tomate/mightyscape/papercraft_unfold/admesh/admesh-0.98.4/install-sh'
libdir='${exec_prefix}/lib'
libexecdir='${exec_prefix}/libexec'
localedir='${datarootdir}/locale'
localstatedir='${prefix}/var'
mandir='${datarootdir}/man'
mkdir_p='$(MKDIR_P)'
oldincludedir='/usr/include'
pdfdir='${docdir}'
prefix='/usr/local'
program_transform_name='s,x,x,'
psdir='${docdir}'
sbindir='${exec_prefix}/sbin'
sharedstatedir='${prefix}/com'
sysconfdir='${prefix}/etc'
target_alias=''

## ----------- ##
## confdefs.h. ##
## ----------- ##

/* confdefs.h */
#define PACKAGE_NAME "admesh"
#define PACKAGE_TARNAME "admesh"
#define PACKAGE_VERSION "0.98.4"
#define PACKAGE_STRING "admesh 0.98.4"
#define PACKAGE_BUGREPORT ""
#define PACKAGE_URL ""
#define PACKAGE "admesh"
#define VERSION "0.98.4"
#define STDC_HEADERS 1
#define HAVE_SYS_TYPES_H 1
#define HAVE_SYS_STAT_H 1
#define HAVE_STDLIB_H 1
#define HAVE_STRING_H 1
#define HAVE_MEMORY_H 1
#define HAVE_STRINGS_H 1
#define HAVE_INTTYPES_H 1
#define HAVE_STDINT_H 1
#define HAVE_UNISTD_H 1
#define HAVE_DLFCN_H 1
#define LT_OBJDIR ".libs/"
#define HAVE_LIBM 1

configure: exit 0

## ---------------------- ##
## Running config.status. ##
## ---------------------- ##

This file was extended by admesh config.status 0.98.4'', which was
generated by GNU Autoconf 2.69.  Invocation command line was

  CONFIG_FILES    = 
  CONFIG_HEADERS  = 
  CONFIG_LINKS    = 
  CONFIG_COMMANDS = 
  $ ./config.status libadmesh.pc

on tomator

config.status:1082: creating libadmesh.pc
